build/app/intermediates/manifest_merge_blame_file/release/manifest-merger-blame-release-report.txt
1<?xml version="1.0" encoding="utf-8"?>
2<manifest xmlns:android="http://schemas.android.com/apk/res/android"
3    package="com.example.fooduuser"
4    android:versionCode="1"
5    android:versionName="1.0.0" >
6
7    <uses-sdk
8        android:minSdkVersion="20"
8-->src\main\AndroidManifest.xml
9        android:targetSdkVersion="30" />
9-->src\main\AndroidManifest.xml
10
11    <uses-permission android:name="android.permission.ACCESS_COARSE_LOCATION" />
11-->src\main\AndroidManifest.xml:3:5-81
11-->src\main\AndroidManifest.xml:3:22-78
12    <uses-permission android:name="android.permission.ACCESS_FINE_LOCATION" />
12-->src\main\AndroidManifest.xml:4:5-79
12-->src\main\AndroidManifest.xml:4:22-76
13    <uses-permission android:name="android.permission.INTERNET" />
13-->src\main\AndroidManifest.xml:5:6-68
13-->src\main\AndroidManifest.xml:5:23-65
14    <uses-permission android:name="android.permission.ACCESS_NETWORK_STATE" />
14-->[:connectivity] AndroidManifest.xml:7:5-79
14-->[:connectivity] AndroidManifest.xml:7:22-76
15
16    <uses-feature
16-->[com.google.android.gms:play-services-maps:17.0.0] AndroidManifest.xml:26:5-28:35
17        android:glEsVersion="0x00020000"
17-->[com.google.android.gms:play-services-maps:17.0.0] AndroidManifest.xml:27:9-41
18        android:required="true" />
18-->[com.google.android.gms:play-services-maps:17.0.0] AndroidManifest.xml:28:9-32
19
20    <application
20-->src\main\AndroidManifest.xml:6:4-47:19
21        android:name="androidx.multidex.MultiDexApplication"
22        android:appComponentFactory="androidx.core.app.CoreComponentFactory"
22-->[androidx.core:core:1.1.0] AndroidManifest.xml:24:18-86
23        android:icon="@mipmap/launcher_icon"
23-->src\main\AndroidManifest.xml:9:9-45
24        android:label="Foodu User"
24-->src\main\AndroidManifest.xml:8:9-35
25        android:requestLegacyExternalStorage="true" >
25-->src\main\AndroidManifest.xml:10:9-52
26        <meta-data
26-->src\main\AndroidManifest.xml:11:9-12:73
27            android:name="com.google.android.geo.API_KEY"
27-->src\main\AndroidManifest.xml:11:20-65
28            android:value="AIzaSyAEhYi2c4LeihfExfJhuGbCzGsfqdNyBjM" />
28-->src\main\AndroidManifest.xml:12:16-71
29
30        <activity
30-->src\main\AndroidManifest.xml:13:9-41:20
31            android:name="com.example.fooduuser.MainActivity"
31-->src\main\AndroidManifest.xml:14:13-41
32            android:configChanges="orientation|keyboardHidden|keyboard|screenSize|smallestScreenSize|locale|layoutDirection|fontScale|screenLayout|density|uiMode"
32-->src\main\AndroidManifest.xml:17:13-163
33            android:hardwareAccelerated="true"
33-->src\main\AndroidManifest.xml:18:13-47
34            android:launchMode="singleTop"
34-->src\main\AndroidManifest.xml:15:13-43
35            android:theme="@style/LaunchTheme"
35-->src\main\AndroidManifest.xml:16:13-47
36            android:windowSoftInputMode="adjustResize" >
36-->src\main\AndroidManifest.xml:19:13-55
37
38            <!--
39                 Specifies an Android theme to apply to this Activity as soon as
40                 the Android process has started. This theme is visible to the user
41                 while the Flutter UI initializes. After that, this theme continues
42                 to determine the Window background behind the Flutter UI.
43            -->
44            <meta-data
44-->src\main\AndroidManifest.xml:24:13-27:17
45                android:name="io.flutter.embedding.android.NormalTheme"
45-->src\main\AndroidManifest.xml:25:15-70
46                android:resource="@style/NormalTheme" />
46-->src\main\AndroidManifest.xml:26:15-52
47            <!--
48                 Displays an Android View that continues showing the launch screen
49                 Drawable until Flutter paints its first frame, then this splash
50                 screen fades out. A splash screen is useful to avoid any visual
51                 gap between the end of Android's launch screen and the painting of
52                 Flutter's first frame.
53            -->
54            <meta-data
54-->src\main\AndroidManifest.xml:33:13-36:17
55                android:name="io.flutter.embedding.android.SplashScreenDrawable"
55-->src\main\AndroidManifest.xml:34:15-79
56                android:resource="@drawable/launch_background" />
56-->src\main\AndroidManifest.xml:35:15-61
57
58            <intent-filter>
58-->src\main\AndroidManifest.xml:37:13-40:29
59                <action android:name="android.intent.action.MAIN" />
59-->src\main\AndroidManifest.xml:38:17-68
59-->src\main\AndroidManifest.xml:38:25-66
60
61                <category android:name="android.intent.category.LAUNCHER" />
61-->src\main\AndroidManifest.xml:39:17-76
61-->src\main\AndroidManifest.xml:39:27-74
62            </intent-filter>
63        </activity>
64        <!--
65             Don't delete the meta-data below.
66             This is used by the Flutter tool to generate GeneratedPluginRegistrant.java
67        -->
68        <meta-data
68-->src\main\AndroidManifest.xml:44:9-46:33
69            android:name="flutterEmbedding"
69-->src\main\AndroidManifest.xml:45:13-44
70            android:value="2" />
70-->src\main\AndroidManifest.xml:46:13-30
71
72        <service
72-->[:cloud_firestore] AndroidManifest.xml:8:9-12:19
73            android:name="com.google.firebase.components.ComponentDiscoveryService"
73-->[:cloud_firestore] AndroidManifest.xml:8:18-89
74            android:directBootAware="true"
74-->[com.google.firebase:firebase-common:20.0.0] AndroidManifest.xml:35:13-43
75            android:exported="false" >
75-->[com.google.firebase:firebase-auth:21.0.1] AndroidManifest.xml:76:13-37
76            <meta-data
76-->[:cloud_firestore] AndroidManifest.xml:9:13-11:85
77                android:name="com.google.firebase.components:io.flutter.plugins.firebase.firestore.FlutterFirebaseFirestoreRegistrar"
77-->[:cloud_firestore] AndroidManifest.xml:10:17-134
78                android:value="com.google.firebase.components.ComponentRegistrar" />
78-->[:cloud_firestore] AndroidManifest.xml:11:17-82
79            <meta-data
79-->[:firebase_auth] AndroidManifest.xml:9:13-11:85
80                android:name="com.google.firebase.components:io.flutter.plugins.firebase.auth.FlutterFirebaseAuthRegistrar"
80-->[:firebase_auth] AndroidManifest.xml:10:17-124
81                android:value="com.google.firebase.components.ComponentRegistrar" />
81-->[:firebase_auth] AndroidManifest.xml:11:17-82
82            <meta-data
82-->[:firebase_storage] AndroidManifest.xml:9:13-11:85
83                android:name="com.google.firebase.components:io.flutter.plugins.firebase.storage.FlutterFirebaseAppRegistrar"
83-->[:firebase_storage] AndroidManifest.xml:10:17-126
84                android:value="com.google.firebase.components.ComponentRegistrar" />
84-->[:firebase_storage] AndroidManifest.xml:11:17-82
85            <meta-data
85-->[:firebase_core] AndroidManifest.xml:9:13-11:85
86                android:name="com.google.firebase.components:io.flutter.plugins.firebase.core.FlutterFirebaseCoreRegistrar"
86-->[:firebase_core] AndroidManifest.xml:10:17-124
87                android:value="com.google.firebase.components.ComponentRegistrar" />
87-->[:firebase_core] AndroidManifest.xml:11:17-82
88            <meta-data
88-->[com.google.firebase:firebase-auth:21.0.1] AndroidManifest.xml:77:13-79:85
89                android:name="com.google.firebase.components:com.google.firebase.auth.FirebaseAuthRegistrar"
89-->[com.google.firebase:firebase-auth:21.0.1] AndroidManifest.xml:78:17-109
90                android:value="com.google.firebase.components.ComponentRegistrar" />
90-->[com.google.firebase:firebase-auth:21.0.1] AndroidManifest.xml:79:17-82
91            <meta-data
91-->[com.google.firebase:firebase-firestore:23.0.1] AndroidManifest.xml:20:13-22:85
92                android:name="com.google.firebase.components:com.google.firebase.firestore.FirestoreRegistrar"
92-->[com.google.firebase:firebase-firestore:23.0.1] AndroidManifest.xml:21:17-111
93                android:value="com.google.firebase.components.ComponentRegistrar" />
93-->[com.google.firebase:firebase-firestore:23.0.1] AndroidManifest.xml:22:17-82
94            <meta-data
94-->[com.google.firebase:firebase-storage:20.0.0] AndroidManifest.xml:33:13-35:85
95                android:name="com.google.firebase.components:com.google.firebase.storage.StorageRegistrar"
95-->[com.google.firebase:firebase-storage:20.0.0] AndroidManifest.xml:34:17-107
96                android:value="com.google.firebase.components.ComponentRegistrar" />
96-->[com.google.firebase:firebase-storage:20.0.0] AndroidManifest.xml:35:17-82
97        </service>
98
99        <provider
99-->[:image_picker] AndroidManifest.xml:8:9-16:20
100            android:name="io.flutter.plugins.imagepicker.ImagePickerFileProvider"
100-->[:image_picker] AndroidManifest.xml:9:13-82
101            android:authorities="com.example.fooduuser.flutter.image_provider"
101-->[:image_picker] AndroidManifest.xml:10:13-74
102            android:exported="false"
102-->[:image_picker] AndroidManifest.xml:11:13-37
103            android:grantUriPermissions="true" >
103-->[:image_picker] AndroidManifest.xml:12:13-47
104            <meta-data
104-->[:image_picker] AndroidManifest.xml:13:13-15:75
105                android:name="android.support.FILE_PROVIDER_PATHS"
105-->[:image_picker] AndroidManifest.xml:14:17-67
106                android:resource="@xml/flutter_image_picker_file_paths" />
106-->[:image_picker] AndroidManifest.xml:15:17-72
107        </provider>
108
109        <activity
109-->[com.google.firebase:firebase-auth:21.0.1] AndroidManifest.xml:27:9-44:20
110            android:name="com.google.firebase.auth.internal.GenericIdpActivity"
110-->[com.google.firebase:firebase-auth:21.0.1] AndroidManifest.xml:28:13-80
111            android:excludeFromRecents="true"
111-->[com.google.firebase:firebase-auth:21.0.1] AndroidManifest.xml:29:13-46
112            android:exported="true"
112-->[com.google.firebase:firebase-auth:21.0.1] AndroidManifest.xml:30:13-36
113            android:launchMode="singleTask"
113-->[com.google.firebase:firebase-auth:21.0.1] AndroidManifest.xml:31:13-44
114            android:theme="@android:style/Theme.Translucent.NoTitleBar" >
114-->[com.google.firebase:firebase-auth:21.0.1] AndroidManifest.xml:32:13-72
115            <intent-filter>
115-->[com.google.firebase:firebase-auth:21.0.1] AndroidManifest.xml:33:13-43:29
116                <action android:name="android.intent.action.VIEW" />
116-->[com.google.firebase:firebase-auth:21.0.1] AndroidManifest.xml:34:17-69
116-->[com.google.firebase:firebase-auth:21.0.1] AndroidManifest.xml:34:25-66
117
118                <category android:name="android.intent.category.DEFAULT" />
118-->[com.google.firebase:firebase-auth:21.0.1] AndroidManifest.xml:36:17-76
118-->[com.google.firebase:firebase-auth:21.0.1] AndroidManifest.xml:36:27-73
119                <category android:name="android.intent.category.BROWSABLE" />
119-->[com.google.firebase:firebase-auth:21.0.1] AndroidManifest.xml:37:17-78
119-->[com.google.firebase:firebase-auth:21.0.1] AndroidManifest.xml:37:27-75
120
121                <data
121-->[com.google.firebase:firebase-auth:21.0.1] AndroidManifest.xml:39:17-42:51
122                    android:host="firebase.auth"
122-->[com.google.firebase:firebase-auth:21.0.1] AndroidManifest.xml:40:21-49
123                    android:path="/"
123-->[com.google.firebase:firebase-auth:21.0.1] AndroidManifest.xml:41:21-37
124                    android:scheme="genericidp" />
124-->[com.google.firebase:firebase-auth:21.0.1] AndroidManifest.xml:42:21-48
125            </intent-filter>
126        </activity>
127        <activity
127-->[com.google.firebase:firebase-auth:21.0.1] AndroidManifest.xml:45:9-62:20
128            android:name="com.google.firebase.auth.internal.RecaptchaActivity"
128-->[com.google.firebase:firebase-auth:21.0.1] AndroidManifest.xml:46:13-79
129            android:excludeFromRecents="true"
129-->[com.google.firebase:firebase-auth:21.0.1] AndroidManifest.xml:47:13-46
130            android:exported="true"
130-->[com.google.firebase:firebase-auth:21.0.1] AndroidManifest.xml:48:13-36
131            android:launchMode="singleTask"
131-->[com.google.firebase:firebase-auth:21.0.1] AndroidManifest.xml:49:13-44
132            android:theme="@android:style/Theme.Translucent.NoTitleBar" >
132-->[com.google.firebase:firebase-auth:21.0.1] AndroidManifest.xml:50:13-72
133            <intent-filter>
133-->[com.google.firebase:firebase-auth:21.0.1] AndroidManifest.xml:51:13-61:29
134                <action android:name="android.intent.action.VIEW" />
134-->[com.google.firebase:firebase-auth:21.0.1] AndroidManifest.xml:34:17-69
134-->[com.google.firebase:firebase-auth:21.0.1] AndroidManifest.xml:34:25-66
135
136                <category android:name="android.intent.category.DEFAULT" />
136-->[com.google.firebase:firebase-auth:21.0.1] AndroidManifest.xml:36:17-76
136-->[com.google.firebase:firebase-auth:21.0.1] AndroidManifest.xml:36:27-73
137                <category android:name="android.intent.category.BROWSABLE" />
137-->[com.google.firebase:firebase-auth:21.0.1] AndroidManifest.xml:37:17-78
137-->[com.google.firebase:firebase-auth:21.0.1] AndroidManifest.xml:37:27-75
138
139                <data
139-->[com.google.firebase:firebase-auth:21.0.1] AndroidManifest.xml:39:17-42:51
140                    android:host="firebase.auth"
140-->[com.google.firebase:firebase-auth:21.0.1] AndroidManifest.xml:40:21-49
141                    android:path="/"
141-->[com.google.firebase:firebase-auth:21.0.1] AndroidManifest.xml:41:21-37
142                    android:scheme="recaptcha" />
142-->[com.google.firebase:firebase-auth:21.0.1] AndroidManifest.xml:42:21-48
143            </intent-filter>
144        </activity>
145
146        <service
146-->[com.google.firebase:firebase-auth:21.0.1] AndroidManifest.xml:64:9-73:19
147            android:name="com.google.firebase.auth.api.fallback.service.FirebaseAuthFallbackService"
147-->[com.google.firebase:firebase-auth:21.0.1] AndroidManifest.xml:65:13-101
148            android:enabled="true"
148-->[com.google.firebase:firebase-auth:21.0.1] AndroidManifest.xml:66:13-35
149            android:exported="false" >
149-->[com.google.firebase:firebase-auth:21.0.1] AndroidManifest.xml:67:13-37
150            <intent-filter>
150-->[com.google.firebase:firebase-auth:21.0.1] AndroidManifest.xml:68:13-72:29
151                <action android:name="com.google.firebase.auth.api.gms.service.START" />
151-->[com.google.firebase:firebase-auth:21.0.1] AndroidManifest.xml:69:17-89
151-->[com.google.firebase:firebase-auth:21.0.1] AndroidManifest.xml:69:25-86
152
153                <category android:name="android.intent.category.DEFAULT" />
153-->[com.google.firebase:firebase-auth:21.0.1] AndroidManifest.xml:36:17-76
153-->[com.google.firebase:firebase-auth:21.0.1] AndroidManifest.xml:36:27-73
154            </intent-filter>
155        </service>
156
157        <provider
157-->[com.google.firebase:firebase-common:20.0.0] AndroidManifest.xml:26:9-31:39
158            android:name="com.google.firebase.provider.FirebaseInitProvider"
158-->[com.google.firebase:firebase-common:20.0.0] AndroidManifest.xml:27:13-77
159            android:authorities="com.example.fooduuser.firebaseinitprovider"
159-->[com.google.firebase:firebase-common:20.0.0] AndroidManifest.xml:28:13-72
160            android:directBootAware="true"
160-->[com.google.firebase:firebase-common:20.0.0] AndroidManifest.xml:29:13-43
161            android:exported="false"
161-->[com.google.firebase:firebase-common:20.0.0] AndroidManifest.xml:30:13-37
162            android:initOrder="100" /> <!-- Needs to be explicitly declared on P+ -->
162-->[com.google.firebase:firebase-common:20.0.0] AndroidManifest.xml:31:13-36
163        <uses-library
163-->[com.google.android.gms:play-services-maps:17.0.0] AndroidManifest.xml:33:9-35:40
164            android:name="org.apache.http.legacy"
164-->[com.google.android.gms:play-services-maps:17.0.0] AndroidManifest.xml:34:13-50
165            android:required="false" />
165-->[com.google.android.gms:play-services-maps:17.0.0] AndroidManifest.xml:35:13-37
166
167        <activity
167-->[com.google.android.gms:play-services-base:17.1.0] AndroidManifest.xml:23:9-26:75
168            android:name="com.google.android.gms.common.api.GoogleApiActivity"
168-->[com.google.android.gms:play-services-base:17.1.0] AndroidManifest.xml:24:13-79
169            android:exported="false"
169-->[com.google.android.gms:play-services-base:17.1.0] AndroidManifest.xml:25:13-37
170            android:theme="@android:style/Theme.Translucent.NoTitleBar" />
170-->[com.google.android.gms:play-services-base:17.1.0] AndroidManifest.xml:26:13-72
171
172        <meta-data
172-->[com.google.android.gms:play-services-basement:17.1.0] AndroidManifest.xml:23:9-25:69
173            android:name="com.google.android.gms.version"
173-->[com.google.android.gms:play-services-basement:17.1.0] AndroidManifest.xml:24:13-58
174            android:value="@integer/google_play_services_version" />
174-->[com.google.android.gms:play-services-basement:17.1.0] AndroidManifest.xml:25:13-66
175    </application>
176
177</manifest>